0 info it worked if it ends with ok
1 verbose cli [ '/home/ubuntu/.nvm/versions/node/v6.11.2/bin/node',
1 verbose cli   '/home/ubuntu/.nvm/versions/node/v6.11.2/bin/npm',
1 verbose cli   'install' ]
2 info using npm@3.10.10
3 info using node@v6.11.2
4 silly loadCurrentTree Starting
5 silly install loadCurrentTree
6 silly install readLocalPackageData
7 silly install normalizeTree
8 silly loadCurrentTree Finishing
9 silly loadIdealTree Starting
10 silly install loadIdealTree
11 silly cloneCurrentTree Starting
12 silly install cloneCurrentTreeToIdealTree
13 silly cloneCurrentTree Finishing
14 silly loadShrinkwrap Starting
15 silly install loadShrinkwrap
16 silly loadShrinkwrap Finishing
17 silly loadAllDepsIntoIdealTree Starting
18 silly install loadAllDepsIntoIdealTree
19 silly fetchNamedPackageData node-sqlserver
20 silly mapToRegistry name node-sqlserver
21 silly mapToRegistry using default registry
22 silly mapToRegistry registry https://registry.npmjs.org/
23 silly mapToRegistry data Result {
23 silly mapToRegistry   raw: 'node-sqlserver',
23 silly mapToRegistry   scope: null,
23 silly mapToRegistry   escapedName: 'node-sqlserver',
23 silly mapToRegistry   name: 'node-sqlserver',
23 silly mapToRegistry   rawSpec: '',
23 silly mapToRegistry   spec: 'latest',
23 silly mapToRegistry   type: 'tag' }
24 silly mapToRegistry uri https://registry.npmjs.org/node-sqlserver
25 verbose request uri https://registry.npmjs.org/node-sqlserver
26 verbose request no auth needed
27 info attempt registry request try #1 at 10:54:36 PM
28 verbose request id 6eaf03825e172ffa
29 http request GET https://registry.npmjs.org/node-sqlserver
30 http 200 https://registry.npmjs.org/node-sqlserver
31 verbose headers { date: 'Mon, 04 Jun 2018 22:54:37 GMT',
31 verbose headers   'content-type': 'application/json; charset=UTF-8',
31 verbose headers   'transfer-encoding': 'chunked',
31 verbose headers   connection: 'keep-alive',
31 verbose headers   'set-cookie': [ '__cfduid=d5323c02195a7450b315d28ee2bb15a461528152877; expires=Tue, 04-Jun-19 22:54:37 GMT; path=/; domain=.registry.npmjs.org; HttpOnly' ],
31 verbose headers   'cache-control': 'max-age=300',
31 verbose headers   'cf-cache-status': 'MISS',
31 verbose headers   'cf-ray': '425dfb79fb26550a-ORD',
31 verbose headers   etag: 'W/"277b6a2315e0711fdd6926926fc8a644"',
31 verbose headers   'expect-ct': 'max-age=604800, report-uri="https://report-uri.cloudflare.com/cdn-cgi/beacon/expect-ct"',
31 verbose headers   'last-modified': 'Sun, 27 May 2018 10:16:34 GMT',
31 verbose headers   vary: 'accept-encoding, accept',
31 verbose headers   server: 'cloudflare',
31 verbose headers   'content-encoding': 'gzip' }
32 silly get cb [ 200,
32 silly get   { date: 'Mon, 04 Jun 2018 22:54:37 GMT',
32 silly get     'content-type': 'application/json; charset=UTF-8',
32 silly get     'transfer-encoding': 'chunked',
32 silly get     connection: 'keep-alive',
32 silly get     'set-cookie': [ '__cfduid=d5323c02195a7450b315d28ee2bb15a461528152877; expires=Tue, 04-Jun-19 22:54:37 GMT; path=/; domain=.registry.npmjs.org; HttpOnly' ],
32 silly get     'cache-control': 'max-age=300',
32 silly get     'cf-cache-status': 'MISS',
32 silly get     'cf-ray': '425dfb79fb26550a-ORD',
32 silly get     etag: 'W/"277b6a2315e0711fdd6926926fc8a644"',
32 silly get     'expect-ct': 'max-age=604800, report-uri="https://report-uri.cloudflare.com/cdn-cgi/beacon/expect-ct"',
32 silly get     'last-modified': 'Sun, 27 May 2018 10:16:34 GMT',
32 silly get     vary: 'accept-encoding, accept',
32 silly get     server: 'cloudflare',
32 silly get     'content-encoding': 'gzip' } ]
33 verbose get saving node-sqlserver to /home/ubuntu/.npm/registry.npmjs.org/node-sqlserver/.cache.json
34 verbose correctMkdir /home/ubuntu/.npm correctMkdir not in flight; initializing
35 silly resolveWithNewModule node-sqlserver@0.1.0 checking installable status
36 silly cache add args [ 'node-sqlserver@*', null ]
37 verbose cache add spec node-sqlserver@*
38 silly cache add parsed spec Result {
38 silly cache add   raw: 'node-sqlserver@*',
38 silly cache add   scope: null,
38 silly cache add   escapedName: 'node-sqlserver',
38 silly cache add   name: 'node-sqlserver',
38 silly cache add   rawSpec: '*',
38 silly cache add   spec: '*',
38 silly cache add   type: 'range' }
39 silly addNamed node-sqlserver@*
40 verbose addNamed "*" is a valid semver range for node-sqlserver
41 silly addNameRange { name: 'node-sqlserver', range: '*', hasData: false }
42 silly mapToRegistry name node-sqlserver
43 silly mapToRegistry using default registry
44 silly mapToRegistry registry https://registry.npmjs.org/
45 silly mapToRegistry data Result {
45 silly mapToRegistry   raw: 'node-sqlserver',
45 silly mapToRegistry   scope: null,
45 silly mapToRegistry   escapedName: 'node-sqlserver',
45 silly mapToRegistry   name: 'node-sqlserver',
45 silly mapToRegistry   rawSpec: '',
45 silly mapToRegistry   spec: 'latest',
45 silly mapToRegistry   type: 'tag' }
46 silly mapToRegistry uri https://registry.npmjs.org/node-sqlserver
47 verbose addNameRange registry:https://registry.npmjs.org/node-sqlserver not in flight; fetching
48 verbose get https://registry.npmjs.org/node-sqlserver not expired, no request
49 silly addNameRange number 2 { name: 'node-sqlserver', range: '*', hasData: true }
50 silly addNameRange versions [ 'node-sqlserver', [ '0.1.0' ] ]
51 silly addNamed node-sqlserver@0.1.0
52 verbose addNamed "0.1.0" is a plain semver version for node-sqlserver
53 warn deprecated node-sqlserver@0.1.0: This package has been superseded by msnodesql.
54 silly mapToRegistry name node-sqlserver
55 silly mapToRegistry using default registry
56 silly mapToRegistry registry https://registry.npmjs.org/
57 silly mapToRegistry data Result {
57 silly mapToRegistry   raw: 'node-sqlserver',
57 silly mapToRegistry   scope: null,
57 silly mapToRegistry   escapedName: 'node-sqlserver',
57 silly mapToRegistry   name: 'node-sqlserver',
57 silly mapToRegistry   rawSpec: '',
57 silly mapToRegistry   spec: 'latest',
57 silly mapToRegistry   type: 'tag' }
58 silly mapToRegistry uri https://registry.npmjs.org/node-sqlserver
59 verbose addRemoteTarball https://registry.npmjs.org/node-sqlserver/-/node-sqlserver-0.1.0.tgz not in flight; adding
60 verbose addRemoteTarball [ 'https://registry.npmjs.org/node-sqlserver/-/node-sqlserver-0.1.0.tgz',
60 verbose addRemoteTarball   '8b6ef6375ca20ca322f9e259bb870747a2cb8e6f' ]
61 info retry fetch attempt 1 at 10:54:37 PM
62 info attempt registry request try #1 at 10:54:37 PM
63 http fetch GET https://registry.npmjs.org/node-sqlserver/-/node-sqlserver-0.1.0.tgz
64 http fetch 200 https://registry.npmjs.org/node-sqlserver/-/node-sqlserver-0.1.0.tgz
65 silly fetchAndShaCheck shasum 8b6ef6375ca20ca322f9e259bb870747a2cb8e6f
66 verbose addTmpTarball /tmp/npm-3743-8927cfff/registry.npmjs.org/node-sqlserver/-/node-sqlserver-0.1.0.tgz not in flight; adding
67 verbose addTmpTarball already have metadata; skipping unpack for node-sqlserver@0.1.0
68 verbose correctMkdir /home/ubuntu/.npm correctMkdir not in flight; initializing
69 silly cache afterAdd node-sqlserver@0.1.0
70 verbose afterAdd /home/ubuntu/.npm/node-sqlserver/0.1.0/package/package.json not in flight; writing
71 verbose correctMkdir /home/ubuntu/.npm correctMkdir not in flight; initializing
72 verbose afterAdd /home/ubuntu/.npm/node-sqlserver/0.1.0/package/package.json written
73 silly loadAllDepsIntoIdealTree Finishing
74 silly loadIdealTree Finishing
75 silly currentTree nodejs-chat@0.0.3
75 silly currentTree ├── accepts@1.3.5
75 silly currentTree ├── after@0.8.2
75 silly currentTree ├── ajv@5.5.2
75 silly currentTree ├── array-flatten@1.1.1
75 silly currentTree ├── arraybuffer.slice@0.0.6
75 silly currentTree ├── asn1@0.2.3
75 silly currentTree ├── assert-plus@1.0.0
75 silly currentTree ├── async@2.6.1
75 silly currentTree ├── asynckit@0.4.0
75 silly currentTree ├── aws-sign2@0.7.0
75 silly currentTree ├── aws4@1.7.0
75 silly currentTree ├── backo2@1.0.2
75 silly currentTree ├── base64-arraybuffer@0.1.5
75 silly currentTree ├── base64id@1.0.0
75 silly currentTree ├── bcrypt-pbkdf@1.0.1
75 silly currentTree ├── better-assert@1.0.2
75 silly currentTree ├── blob@0.0.4
75 silly currentTree ├── bluebird@3.5.0
75 silly currentTree ├── body-parser@1.18.3
75 silly currentTree ├── bson@1.0.6
75 silly currentTree ├── bytes@3.0.0
75 silly currentTree ├── callsite@1.0.0
75 silly currentTree ├── caseless@0.12.0
75 silly currentTree ├── co@4.6.0
75 silly currentTree ├── combined-stream@1.0.6
75 silly currentTree ├── component-bind@1.0.0
75 silly currentTree ├── component-emitter@1.1.2
75 silly currentTree ├── component-inherit@0.0.3
75 silly currentTree ├── content-disposition@0.5.2
75 silly currentTree ├── content-type@1.0.4
75 silly currentTree ├── cookie-signature@1.0.6
75 silly currentTree ├── cookie@0.3.1
75 silly currentTree ├── core-util-is@1.0.2
75 silly currentTree ├── dashdash@1.14.1
75 silly currentTree ├── debug@2.6.9
75 silly currentTree ├── delayed-stream@1.0.0
75 silly currentTree ├── depd@1.1.2
75 silly currentTree ├── destroy@1.0.4
75 silly currentTree ├── ecc-jsbn@0.1.1
75 silly currentTree ├── ee-first@1.1.1
75 silly currentTree ├── encodeurl@1.0.2
75 silly currentTree ├─┬ engine.io-client@1.8.5
75 silly currentTree │ ├── component-emitter@1.2.1
75 silly currentTree │ ├── debug@2.3.3
75 silly currentTree │ └── ms@0.7.2
75 silly currentTree ├── engine.io-parser@1.3.2
75 silly currentTree ├─┬ engine.io@1.8.5
75 silly currentTree │ ├── accepts@1.3.3
75 silly currentTree │ ├── debug@2.3.3
75 silly currentTree │ └── ms@0.7.2
75 silly currentTree ├── escape-html@1.0.3
75 silly currentTree ├── etag@1.8.1
75 silly currentTree ├─┬ express@4.16.3
75 silly currentTree │ ├── body-parser@1.18.2
75 silly currentTree │ ├── iconv-lite@0.4.19
75 silly currentTree │ ├── qs@6.5.1
75 silly currentTree │ ├─┬ raw-body@2.3.2
75 silly currentTree │ │ ├── depd@1.1.1
75 silly currentTree │ │ ├── http-errors@1.6.2
75 silly currentTree │ │ └── setprototypeof@1.0.3
75 silly currentTree │ └── statuses@1.4.0
75 silly currentTree ├── extend@3.0.1
75 silly currentTree ├── extsprintf@1.3.0
75 silly currentTree ├── fast-deep-equal@1.1.0
75 silly currentTree ├── fast-json-stable-stringify@2.0.0
75 silly currentTree ├── fd-slicer@1.0.1
75 silly currentTree ├─┬ finalhandler@1.1.1
75 silly currentTree │ └── statuses@1.4.0
75 silly currentTree ├── forever-agent@0.6.1
75 silly currentTree ├── form-data@2.3.1
75 silly currentTree ├── forwarded@0.1.2
75 silly currentTree ├── fresh@0.5.2
75 silly currentTree ├── getpass@0.1.7
75 silly currentTree ├── har-schema@2.0.0
75 silly currentTree ├── har-validator@5.0.3
75 silly currentTree ├── has-binary@0.1.7
75 silly currentTree ├── has-cors@1.1.0
75 silly currentTree ├── http-errors@1.6.3
75 silly currentTree ├── http-signature@1.2.0
75 silly currentTree ├── iconv-lite@0.4.23
75 silly currentTree ├── indexof@0.0.1
75 silly currentTree ├── inherits@2.0.3
75 silly currentTree ├── ipaddr.js@1.6.0
75 silly currentTree ├── is-typedarray@1.0.0
75 silly currentTree ├── isarray@0.0.1
75 silly currentTree ├── isstream@0.1.2
75 silly currentTree ├── jsbn@0.1.1
75 silly currentTree ├── json-schema-traverse@0.3.1
75 silly currentTree ├── json-schema@0.2.3
75 silly currentTree ├── json-stringify-safe@5.0.1
75 silly currentTree ├── json3@3.3.2
75 silly currentTree ├── jsprim@1.4.1
75 silly currentTree ├── kareem@2.1.0
75 silly currentTree ├── lodash.get@4.4.2
75 silly currentTree ├── lodash@4.17.10
75 silly currentTree ├── media-typer@0.3.0
75 silly currentTree ├── merge-descriptors@1.0.1
75 silly currentTree ├── method-override@2.3.10
75 silly currentTree ├── methods@1.1.2
75 silly currentTree ├── mime-db@1.33.0
75 silly currentTree ├── mime-types@2.1.18
75 silly currentTree ├── mime@1.4.1
75 silly currentTree ├── mongodb-core@3.0.8
75 silly currentTree ├── mongodb@3.0.9
75 silly currentTree ├── mongoose-legacy-pluralize@1.0.2
75 silly currentTree ├── mongoose@5.1.4
75 silly currentTree ├── mpath@0.4.1
75 silly currentTree ├─┬ mquery@3.0.0
75 silly currentTree │ └── sliced@0.0.5
75 silly currentTree ├── ms@2.0.0
75 silly currentTree ├── multiparty@4.1.3
75 silly currentTree ├── negotiator@0.6.1
75 silly currentTree ├── oauth-sign@0.8.2
75 silly currentTree ├── object-assign@4.1.0
75 silly currentTree ├── object-component@0.0.3
75 silly currentTree ├── on-finished@2.3.0
75 silly currentTree ├── options@0.0.6
75 silly currentTree ├── parsejson@0.0.3
75 silly currentTree ├── parseqs@0.0.5
75 silly currentTree ├── parseuri@0.0.5
75 silly currentTree ├── parseurl@1.3.2
75 silly currentTree ├── path-to-regexp@0.1.7
75 silly currentTree ├── pend@1.2.0
75 silly currentTree ├── performance-now@2.1.0
75 silly currentTree ├── proxy-addr@2.0.3
75 silly currentTree ├── punycode@1.4.1
75 silly currentTree ├── qs@6.5.2
75 silly currentTree ├── range-parser@1.2.0
75 silly currentTree ├── raw-body@2.3.3
75 silly currentTree ├── regexp-clone@0.0.1
75 silly currentTree ├── request@2.87.0
75 silly currentTree ├── require_optional@1.0.1
75 silly currentTree ├── resolve-from@2.0.0
75 silly currentTree ├── safe-buffer@5.1.1
75 silly currentTree ├── safer-buffer@2.1.2
75 silly currentTree ├── semver@5.5.0
75 silly currentTree ├─┬ send@0.16.2
75 silly currentTree │ └── statuses@1.4.0
75 silly currentTree ├── serve-static@1.13.2
75 silly currentTree ├── setprototypeof@1.1.0
75 silly currentTree ├── sliced@1.0.1
75 silly currentTree ├─┬ socket.io-adapter@0.5.0
75 silly currentTree │ ├── debug@2.3.3
75 silly currentTree │ └── ms@0.7.2
75 silly currentTree ├─┬ socket.io-client@1.7.4
75 silly currentTree │ ├── component-emitter@1.2.1
75 silly currentTree │ ├── debug@2.3.3
75 silly currentTree │ └── ms@0.7.2
75 silly currentTree ├─┬ socket.io-parser@2.3.1
75 silly currentTree │ ├── debug@2.2.0
75 silly currentTree │ └── ms@0.7.1
75 silly currentTree ├─┬ socket.io@1.7.4
75 silly currentTree │ ├── debug@2.3.3
75 silly currentTree │ └── ms@0.7.2
75 silly currentTree ├── sshpk@1.14.1
75 silly currentTree ├── statuses@1.5.0
75 silly currentTree ├── to-array@0.1.4
75 silly currentTree ├── tough-cookie@2.3.4
75 silly currentTree ├── tunnel-agent@0.6.0
75 silly currentTree ├── tweetnacl@0.14.5
75 silly currentTree ├── type-is@1.6.16
75 silly currentTree ├── ultron@1.0.2
75 silly currentTree ├── unpipe@1.0.0
75 silly currentTree ├── utils-merge@1.0.1
75 silly currentTree ├── uuid@3.2.1
75 silly currentTree ├── vary@1.1.2
75 silly currentTree ├── verror@1.10.0
75 silly currentTree ├── ws@1.1.5
75 silly currentTree ├── wtf-8@1.0.0
75 silly currentTree ├── xmlhttprequest-ssl@1.5.3
75 silly currentTree └── yeast@0.1.2
76 silly idealTree nodejs-chat@0.0.3
76 silly idealTree ├── accepts@1.3.5
76 silly idealTree ├── after@0.8.2
76 silly idealTree ├── ajv@5.5.2
76 silly idealTree ├── array-flatten@1.1.1
76 silly idealTree ├── arraybuffer.slice@0.0.6
76 silly idealTree ├── asn1@0.2.3
76 silly idealTree ├── assert-plus@1.0.0
76 silly idealTree ├── async@2.6.1
76 silly idealTree ├── asynckit@0.4.0
76 silly idealTree ├── aws-sign2@0.7.0
76 silly idealTree ├── aws4@1.7.0
76 silly idealTree ├── backo2@1.0.2
76 silly idealTree ├── base64-arraybuffer@0.1.5
76 silly idealTree ├── base64id@1.0.0
76 silly idealTree ├── bcrypt-pbkdf@1.0.1
76 silly idealTree ├── better-assert@1.0.2
76 silly idealTree ├── blob@0.0.4
76 silly idealTree ├── bluebird@3.5.0
76 silly idealTree ├── body-parser@1.18.3
76 silly idealTree ├── bson@1.0.6
76 silly idealTree ├── bytes@3.0.0
76 silly idealTree ├── callsite@1.0.0
76 silly idealTree ├── caseless@0.12.0
76 silly idealTree ├── co@4.6.0
76 silly idealTree ├── combined-stream@1.0.6
76 silly idealTree ├── component-bind@1.0.0
76 silly idealTree ├── component-emitter@1.1.2
76 silly idealTree ├── component-inherit@0.0.3
76 silly idealTree ├── content-disposition@0.5.2
76 silly idealTree ├── content-type@1.0.4
76 silly idealTree ├── cookie-signature@1.0.6
76 silly idealTree ├── cookie@0.3.1
76 silly idealTree ├── core-util-is@1.0.2
76 silly idealTree ├── dashdash@1.14.1
76 silly idealTree ├── debug@2.6.9
76 silly idealTree ├── delayed-stream@1.0.0
76 silly idealTree ├── depd@1.1.2
76 silly idealTree ├── destroy@1.0.4
76 silly idealTree ├── ecc-jsbn@0.1.1
76 silly idealTree ├── ee-first@1.1.1
76 silly idealTree ├── encodeurl@1.0.2
76 silly idealTree ├─┬ engine.io-client@1.8.5
76 silly idealTree │ ├── component-emitter@1.2.1
76 silly idealTree │ ├── debug@2.3.3
76 silly idealTree │ └── ms@0.7.2
76 silly idealTree ├── engine.io-parser@1.3.2
76 silly idealTree ├─┬ engine.io@1.8.5
76 silly idealTree │ ├── accepts@1.3.3
76 silly idealTree │ ├── debug@2.3.3
76 silly idealTree │ └── ms@0.7.2
76 silly idealTree ├── escape-html@1.0.3
76 silly idealTree ├── etag@1.8.1
76 silly idealTree ├─┬ express@4.16.3
76 silly idealTree │ ├── body-parser@1.18.2
76 silly idealTree │ ├── iconv-lite@0.4.19
76 silly idealTree │ ├── qs@6.5.1
76 silly idealTree │ ├─┬ raw-body@2.3.2
76 silly idealTree │ │ ├── depd@1.1.1
76 silly idealTree │ │ ├── http-errors@1.6.2
76 silly idealTree │ │ └── setprototypeof@1.0.3
76 silly idealTree │ └── statuses@1.4.0
76 silly idealTree ├── extend@3.0.1
76 silly idealTree ├── extsprintf@1.3.0
76 silly idealTree ├── fast-deep-equal@1.1.0
76 silly idealTree ├── fast-json-stable-stringify@2.0.0
76 silly idealTree ├── fd-slicer@1.0.1
76 silly idealTree ├─┬ finalhandler@1.1.1
76 silly idealTree │ └── statuses@1.4.0
76 silly idealTree ├── forever-agent@0.6.1
76 silly idealTree ├── form-data@2.3.1
76 silly idealTree ├── forwarded@0.1.2
76 silly idealTree ├── fresh@0.5.2
76 silly idealTree ├── getpass@0.1.7
76 silly idealTree ├── har-schema@2.0.0
76 silly idealTree ├── har-validator@5.0.3
76 silly idealTree ├── has-binary@0.1.7
76 silly idealTree ├── has-cors@1.1.0
76 silly idealTree ├── http-errors@1.6.3
76 silly idealTree ├── http-signature@1.2.0
76 silly idealTree ├── iconv-lite@0.4.23
76 silly idealTree ├── indexof@0.0.1
76 silly idealTree ├── inherits@2.0.3
76 silly idealTree ├── ipaddr.js@1.6.0
76 silly idealTree ├── is-typedarray@1.0.0
76 silly idealTree ├── isarray@0.0.1
76 silly idealTree ├── isstream@0.1.2
76 silly idealTree ├── jsbn@0.1.1
76 silly idealTree ├── json-schema-traverse@0.3.1
76 silly idealTree ├── json-schema@0.2.3
76 silly idealTree ├── json-stringify-safe@5.0.1
76 silly idealTree ├── json3@3.3.2
76 silly idealTree ├── jsprim@1.4.1
76 silly idealTree ├── kareem@2.1.0
76 silly idealTree ├── lodash.get@4.4.2
76 silly idealTree ├── lodash@4.17.10
76 silly idealTree ├── media-typer@0.3.0
76 silly idealTree ├── merge-descriptors@1.0.1
76 silly idealTree ├── method-override@2.3.10
76 silly idealTree ├── methods@1.1.2
76 silly idealTree ├── mime-db@1.33.0
76 silly idealTree ├── mime-types@2.1.18
76 silly idealTree ├── mime@1.4.1
76 silly idealTree ├── mongodb-core@3.0.8
76 silly idealTree ├── mongodb@3.0.9
76 silly idealTree ├── mongoose-legacy-pluralize@1.0.2
76 silly idealTree ├── mongoose@5.1.4
76 silly idealTree ├── mpath@0.4.1
76 silly idealTree ├─┬ mquery@3.0.0
76 silly idealTree │ └── sliced@0.0.5
76 silly idealTree ├── ms@2.0.0
76 silly idealTree ├── multiparty@4.1.3
76 silly idealTree ├── negotiator@0.6.1
76 silly idealTree ├── node-sqlserver@0.1.0
76 silly idealTree ├── oauth-sign@0.8.2
76 silly idealTree ├── object-assign@4.1.0
76 silly idealTree ├── object-component@0.0.3
76 silly idealTree ├── on-finished@2.3.0
76 silly idealTree ├── options@0.0.6
76 silly idealTree ├── parsejson@0.0.3
76 silly idealTree ├── parseqs@0.0.5
76 silly idealTree ├── parseuri@0.0.5
76 silly idealTree ├── parseurl@1.3.2
76 silly idealTree ├── path-to-regexp@0.1.7
76 silly idealTree ├── pend@1.2.0
76 silly idealTree ├── performance-now@2.1.0
76 silly idealTree ├── proxy-addr@2.0.3
76 silly idealTree ├── punycode@1.4.1
76 silly idealTree ├── qs@6.5.2
76 silly idealTree ├── range-parser@1.2.0
76 silly idealTree ├── raw-body@2.3.3
76 silly idealTree ├── regexp-clone@0.0.1
76 silly idealTree ├── request@2.87.0
76 silly idealTree ├── require_optional@1.0.1
76 silly idealTree ├── resolve-from@2.0.0
76 silly idealTree ├── safe-buffer@5.1.1
76 silly idealTree ├── safer-buffer@2.1.2
76 silly idealTree ├── semver@5.5.0
76 silly idealTree ├─┬ send@0.16.2
76 silly idealTree │ └── statuses@1.4.0
76 silly idealTree ├── serve-static@1.13.2
76 silly idealTree ├── setprototypeof@1.1.0
76 silly idealTree ├── sliced@1.0.1
76 silly idealTree ├─┬ socket.io-adapter@0.5.0
76 silly idealTree │ ├── debug@2.3.3
76 silly idealTree │ └── ms@0.7.2
76 silly idealTree ├─┬ socket.io-client@1.7.4
76 silly idealTree │ ├── component-emitter@1.2.1
76 silly idealTree │ ├── debug@2.3.3
76 silly idealTree │ └── ms@0.7.2
76 silly idealTree ├─┬ socket.io-parser@2.3.1
76 silly idealTree │ ├── debug@2.2.0
76 silly idealTree │ └── ms@0.7.1
76 silly idealTree ├─┬ socket.io@1.7.4
76 silly idealTree │ ├── debug@2.3.3
76 silly idealTree │ └── ms@0.7.2
76 silly idealTree ├── sshpk@1.14.1
76 silly idealTree ├── statuses@1.5.0
76 silly idealTree ├── to-array@0.1.4
76 silly idealTree ├── tough-cookie@2.3.4
76 silly idealTree ├── tunnel-agent@0.6.0
76 silly idealTree ├── tweetnacl@0.14.5
76 silly idealTree ├── type-is@1.6.16
76 silly idealTree ├── ultron@1.0.2
76 silly idealTree ├── unpipe@1.0.0
76 silly idealTree ├── utils-merge@1.0.1
76 silly idealTree ├── uuid@3.2.1
76 silly idealTree ├── vary@1.1.2
76 silly idealTree ├── verror@1.10.0
76 silly idealTree ├── ws@1.1.5
76 silly idealTree ├── wtf-8@1.0.0
76 silly idealTree ├── xmlhttprequest-ssl@1.5.3
76 silly idealTree └── yeast@0.1.2
77 silly generateActionsToTake Starting
78 silly install generateActionsToTake
79 silly generateActionsToTake Finishing
80 silly diffTrees action count 1
81 silly diffTrees add node-sqlserver@0.1.0
82 silly decomposeActions action count 8
83 silly decomposeActions fetch node-sqlserver@0.1.0
84 silly decomposeActions extract node-sqlserver@0.1.0
85 silly decomposeActions test node-sqlserver@0.1.0
86 silly decomposeActions preinstall node-sqlserver@0.1.0
87 silly decomposeActions build node-sqlserver@0.1.0
88 silly decomposeActions install node-sqlserver@0.1.0
89 silly decomposeActions postinstall node-sqlserver@0.1.0
90 silly decomposeActions finalize node-sqlserver@0.1.0
91 silly runTopLevelLifecycles Starting
92 silly install runPreinstallTopLevelLifecycles
93 silly preinstall nodejs-chat@0.0.3 /home/ubuntu/workspace/nodejs-chat-90900ee8
94 info lifecycle nodejs-chat@0.0.3~preinstall: nodejs-chat@0.0.3
95 silly lifecycle nodejs-chat@0.0.3~preinstall: no script for preinstall, continuing
96 silly executeActions Starting
97 silly install executeActions
98 silly doSerial global-install 0
99 silly doParallel fetch 1
100 verbose correctMkdir /home/ubuntu/.npm/_locks correctMkdir not in flight; initializing
101 verbose lock using /home/ubuntu/.npm/_locks/staging-d44a147195c19f54.lock for /home/ubuntu/workspace/node_modules/.staging
102 silly doParallel extract 1
103 silly extract node-sqlserver@0.1.0
104 verbose unbuild node_modules/.staging/node-sqlserver-efd382be
105 silly gentlyRm /home/ubuntu/workspace/node_modules/.staging/node-sqlserver-efd382be is being purged from base /home/ubuntu/workspace
106 verbose gentlyRm don't care about contents; nuking /home/ubuntu/workspace/node_modules/.staging/node-sqlserver-efd382be
107 verbose tar unpack /home/ubuntu/.npm/node-sqlserver/0.1.0/package.tgz
108 verbose tar unpacking to /home/ubuntu/workspace/node_modules/.staging/node-sqlserver-efd382be
109 silly gentlyRm /home/ubuntu/workspace/node_modules/.staging/node-sqlserver-efd382be is being purged
110 verbose gentlyRm don't care about contents; nuking /home/ubuntu/workspace/node_modules/.staging/node-sqlserver-efd382be
111 silly gunzTarPerm modes [ '755', '644' ]
112 silly gunzTarPerm extractEntry package.json
113 silly gunzTarPerm extractEntry .npmignore
114 silly gunzTarPerm extractEntry README.md
115 silly gunzTarPerm extractEntry LICENSE
116 silly gunzTarPerm extractEntry binding.gyp
117 silly gunzTarPerm extractEntry lib/sql.js
118 silly gunzTarPerm extractEntry src/OdbcOperation.cpp
119 silly gunzTarPerm extractEntry src/Column.h
120 silly gunzTarPerm extractEntry src/Connection.h
121 silly gunzTarPerm extractEntry src/OdbcConnection.cpp
122 silly gunzTarPerm extractEntry src/OdbcConnection.h
123 silly gunzTarPerm extractEntry src/OdbcConnectionBridge.h
124 silly gunzTarPerm extractEntry src/OdbcException.cpp
125 silly gunzTarPerm extractEntry src/OdbcException.h
126 silly gunzTarPerm extractEntry src/OdbcHandle.h
127 silly gunzTarPerm extractEntry src/Connection.cpp
128 silly gunzTarPerm extractEntry src/OdbcOperation.h
129 silly gunzTarPerm extractEntry src/Operation.h
130 silly gunzTarPerm extractEntry src/ResultSet.cpp
131 silly gunzTarPerm extractEntry src/ResultSet.h
132 silly gunzTarPerm extractEntry src/stdafx.cpp
133 silly gunzTarPerm extractEntry src/stdafx.h
134 silly gunzTarPerm extractEntry src/Utility.cpp
135 silly gunzTarPerm extractEntry src/Utility.h
136 silly gunzTarPerm extractEntry test/connect.js
137 silly gunzTarPerm extractEntry test/query.js
138 silly gunzTarPerm extractEntry test/runtests.js
139 silly gunzTarPerm extractEntry test/test-config.js
140 silly gunzTarPerm extractEntry test/txn.js
141 silly gunzTarPerm extractEntry test/testlist.txt
142 silly gentlyRm /home/ubuntu/workspace/node_modules/.staging/node-sqlserver-efd382be/node_modules is being purged
143 verbose gentlyRm don't care about contents; nuking /home/ubuntu/workspace/node_modules/.staging/node-sqlserver-efd382be/node_modules
144 silly doParallel preinstall 1
145 silly preinstall node-sqlserver@0.1.0 /home/ubuntu/workspace/node_modules/.staging/node-sqlserver-efd382be
146 info lifecycle node-sqlserver@0.1.0~preinstall: node-sqlserver@0.1.0
147 silly lifecycle node-sqlserver@0.1.0~preinstall: no script for preinstall, continuing
148 silly doReverseSerial remove 0
149 silly doSerial move 0
150 silly doSerial finalize 1
151 silly finalize /home/ubuntu/workspace/node_modules/node-sqlserver
152 silly doSerial build 1
153 silly build node-sqlserver@0.1.0
154 info linkStuff node-sqlserver@0.1.0
155 silly linkStuff node-sqlserver@0.1.0 has /home/ubuntu/workspace/node_modules as its parent node_modules
156 verbose linkBins node-sqlserver@0.1.0
157 verbose linkMans node-sqlserver@0.1.0
158 silly doSerial global-link 0
159 silly doParallel update-linked 0
160 silly doSerial install 1
161 silly install node-sqlserver@0.1.0 /home/ubuntu/workspace/node_modules/.staging/node-sqlserver-efd382be
162 info lifecycle node-sqlserver@0.1.0~install: node-sqlserver@0.1.0
163 verbose lifecycle node-sqlserver@0.1.0~install: unsafe-perm in lifecycle true
164 verbose lifecycle node-sqlserver@0.1.0~install: PATH: /home/ubuntu/.nvm/versions/node/v6.11.2/lib/node_modules/npm/bin/node-gyp-bin:/home/ubuntu/workspace/node_modules/node-sqlserver/node_modules/.bin:/home/ubuntu/workspace/node_modules/.bin:/home/ubuntu/.nvm/versions/node/v6.11.2/bin:/usr/local/rvm/gems/ruby-2.4.0/bin:/usr/local/rvm/gems/ruby-2.4.0@global/bin:/usr/local/rvm/rubies/ruby-2.4.0/bin:/mnt/shared/bin:/home/ubuntu/workspace/node_modules/.bin:/home/ubuntu/bin:/usr/local/sbin:/usr/local/bin:/usr/sbin:/usr/bin:/sbin:/bin:/mnt/shared/sbin:/opt/gitl:/opt/go/bin:/mnt/shared/c9/app.nw/bin:/usr/local/rvm/bin
165 verbose lifecycle node-sqlserver@0.1.0~install: CWD: /home/ubuntu/workspace/node_modules/node-sqlserver
166 silly lifecycle node-sqlserver@0.1.0~install: Args: [ '-c', 'node-gyp rebuild' ]
167 silly lifecycle node-sqlserver@0.1.0~install: Returned: code: 1  signal: null
168 info lifecycle node-sqlserver@0.1.0~install: Failed to exec install script
169 verbose unlock done using /home/ubuntu/.npm/_locks/staging-d44a147195c19f54.lock for /home/ubuntu/workspace/node_modules/.staging
170 silly rollbackFailedOptional Starting
171 silly rollbackFailedOptional Finishing
172 silly runTopLevelLifecycles Finishing
173 silly install printInstalled
174 warn nodejs-chat@0.0.3 No repository field.
175 verbose If you need help, you may report this error at:
175 verbose     <https://github.com/npm/npm/issues>
176 warn nodejs-chat@0.0.3 No license field.
177 verbose If you need help, you may report this error at:
177 verbose     <https://github.com/npm/npm/issues>
178 verbose stack Error: node-sqlserver@0.1.0 install: `node-gyp rebuild`
178 verbose stack Exit status 1
178 verbose stack     at EventEmitter.<anonymous> (/home/ubuntu/.nvm/versions/node/v6.11.2/lib/node_modules/npm/lib/utils/lifecycle.js:255:16)
178 verbose stack     at emitTwo (events.js:106:13)
178 verbose stack     at EventEmitter.emit (events.js:191:7)
178 verbose stack     at ChildProcess.<anonymous> (/home/ubuntu/.nvm/versions/node/v6.11.2/lib/node_modules/npm/lib/utils/spawn.js:40:14)
178 verbose stack     at emitTwo (events.js:106:13)
178 verbose stack     at ChildProcess.emit (events.js:191:7)
178 verbose stack     at maybeClose (internal/child_process.js:891:16)
178 verbose stack     at Process.ChildProcess._handle.onexit (internal/child_process.js:226:5)
179 verbose pkgid node-sqlserver@0.1.0
180 verbose cwd /home/ubuntu/workspace/server
181 error Linux 4.9.80-c9
182 error argv "/home/ubuntu/.nvm/versions/node/v6.11.2/bin/node" "/home/ubuntu/.nvm/versions/node/v6.11.2/bin/npm" "install"
183 error node v6.11.2
184 error npm  v3.10.10
185 error code ELIFECYCLE
186 error node-sqlserver@0.1.0 install: `node-gyp rebuild`
186 error Exit status 1
187 error Failed at the node-sqlserver@0.1.0 install script 'node-gyp rebuild'.
187 error Make sure you have the latest version of node.js and npm installed.
187 error If you do, this is most likely a problem with the node-sqlserver package,
187 error not with npm itself.
187 error Tell the author that this fails on your system:
187 error     node-gyp rebuild
187 error You can get information on how to open an issue for this project with:
187 error     npm bugs node-sqlserver
187 error Or if that isn't available, you can get their info via:
187 error     npm owner ls node-sqlserver
187 error There is likely additional logging output above.
188 verbose exit [ 1, true ]
